This is XeTeX, Version 3.141592653-2.6-0.999993 (TeX Live 2022/dev/Debian) (preloaded format=xelatex 2026.3.25)  24 JUN 2026 15:04
entering extended mode
 restricted \write18 enabled.
 %&-line parsing enabled.
**speech.tex
(./speech.tex
LaTeX2e <2021-11-15> patch level 1
L3 programming layer <2022-01-21>
(/usr/share/texlive/texmf-dist/tex/latex/extsizes/extarticle.cls
Document Class: extarticle 1996/10/08 v1.0 Non Standard LaTeX document class
(/usr/share/texlive/texmf-dist/tex/latex/base/size12.clo
File: size12.clo 2021/10/04 v1.4n Standard LaTeX file (size option)
)
(/usr/share/texlive/texmf-dist/tex/latex/base/exscale.sty
Package: exscale 2018/09/24 v2.1i Standard LaTeX package exscale
LaTeX Font Info:    Redeclaring symbol font `largesymbols' on input line 57.
LaTeX Font Info:    Overwriting symbol font `largesymbols' in version `normal'
(Font)                  OMX/cmex/m/n --> OMX/cmex/m/n on input line 57.
LaTeX Font Info:    Overwriting symbol font `largesymbols' in version `bold'
(Font)                  OMX/cmex/m/n --> OMX/cmex/m/n on input line 57.
\big@size=\dimen138
)
\c@part=\count181
\c@section=\count182
\c@subsection=\count183
\c@subsubsection=\count184
\c@paragraph=\count185
\c@subparagraph=\count186
\c@figure=\count187
\c@table=\count188
\abovecaptionskip=\skip47
\belowcaptionskip=\skip48
\bibindent=\dimen139
)
(/usr/share/texlive/texmf-dist/tex/latex/geometry/geometry.sty
Package: geometry 2020/01/02 v5.9 Page Geometry

(/usr/share/texlive/texmf-dist/tex/latex/graphics/keyval.sty
Package: keyval 2014/10/28 v1.15 key=value parser (DPC)
\KV@toks@=\toks16
)
(/usr/share/texlive/texmf-dist/tex/generic/iftex/ifvtex.sty
Package: ifvtex 2019/10/25 v1.7 ifvtex legacy package. Use iftex instead.

(/usr/share/texlive/texmf-dist/tex/generic/iftex/iftex.sty
Package: iftex 2020/03/06 v1.0d TeX engine tests
))
\Gm@cnth=\count189
\Gm@cntv=\count190
\c@Gm@tempcnt=\count191
\Gm@bindingoffset=\dimen140
\Gm@wd@mp=\dimen141
\Gm@odd@mp=\dimen142
\Gm@even@mp=\dimen143
\Gm@layoutwidth=\dimen144
\Gm@layoutheight=\dimen145
\Gm@layouthoffset=\dimen146
\Gm@layoutvoffset=\dimen147
\Gm@dimlist=\toks17
)
(/usr/share/texlive/texmf-dist/tex/latex/fontspec/fontspec.sty
(/usr/share/texlive/texmf-dist/tex/latex/l3packages/xparse/xparse.sty
(/usr/share/texlive/texmf-dist/tex/latex/l3kernel/expl3.sty
Package: expl3 2022-01-21 L3 programming layer (loader) 

(/usr/share/texlive/texmf-dist/tex/latex/l3backend/l3backend-xetex.def
File: l3backend-xetex.def 2022-01-12 L3 backend support: XeTeX

(|extractbb --version)
\c__kernel_sys_dvipdfmx_version_int=\count192
\l__color_backend_stack_int=\count193
\g__color_backend_stack_int=\count194
\g__graphics_track_int=\count195
\l__pdf_internal_box=\box50
\g__pdf_backend_object_int=\count196
\g__pdf_backend_annotation_int=\count197
\g__pdf_backend_link_int=\count198
))
Package: xparse 2022-01-12 L3 Experimental document command parser
)
Package: fontspec 2022/01/15 v2.8a Font selection for XeLaTeX and LuaLaTeX

(/usr/share/texlive/texmf-dist/tex/latex/fontspec/fontspec-xetex.sty
Package: fontspec-xetex 2022/01/15 v2.8a Font selection for XeLaTeX and LuaLaTe
X
\l__fontspec_script_int=\count199
\l__fontspec_language_int=\count266
\l__fontspec_strnum_int=\count267
\l__fontspec_tmp_int=\count268
\l__fontspec_tmpa_int=\count269
\l__fontspec_tmpb_int=\count270
\l__fontspec_tmpc_int=\count271
\l__fontspec_em_int=\count272
\l__fontspec_emdef_int=\count273
\l__fontspec_strong_int=\count274
\l__fontspec_strongdef_int=\count275
\l__fontspec_tmpa_dim=\dimen148
\l__fontspec_tmpb_dim=\dimen149
\l__fontspec_tmpc_dim=\dimen150

(/usr/share/texlive/texmf-dist/tex/latex/base/fontenc.sty
Package: fontenc 2021/04/29 v2.0v Standard LaTeX package
)
(/usr/share/texlive/texmf-dist/tex/latex/fontspec/fontspec.cfg)))

Package fontspec Info: Font family 'TimesNewRoman(0)' created for font 'Times
(fontspec)             New Roman' with options [Ligatures=TeX].
(fontspec)              
(fontspec)              This font family consists of the following NFSS
(fontspec)             series/shapes:
(fontspec)              
(fontspec)             - 'normal' (m/n) with NFSS spec.: <->"Times New
(fontspec)             Roman/OT:language=dflt;mapping=tex-text;"
(fontspec)             - 'small caps'  (m/sc) with NFSS spec.: 
(fontspec)             - 'bold' (b/n) with NFSS spec.: <->"Times New
(fontspec)             Roman/B/OT:language=dflt;mapping=tex-text;"
(fontspec)             - 'bold small caps'  (b/sc) with NFSS spec.: 
(fontspec)             - 'italic' (m/it) with NFSS spec.: <->"Times New
(fontspec)             Roman/I/OT:language=dflt;mapping=tex-text;"
(fontspec)             - 'italic small caps'  (m/scit) with NFSS spec.: 
(fontspec)             - 'bold italic' (b/it) with NFSS spec.: <->"Times New
(fontspec)             Roman/BI/OT:language=dflt;mapping=tex-text;"
(fontspec)             - 'bold italic small caps'  (b/scit) with NFSS spec.: 


(/usr/share/texlive/texmf-dist/tex/latex/polyglossia/polyglossia.sty
Package: polyglossia 2021/04/12 v1.53 Modern multilingual typesetting with XeLa
TeX and LuaLaTeX

(/usr/share/texlive/texmf-dist/tex/latex/etoolbox/etoolbox.sty
Package: etoolbox 2020/10/05 v2.5k e-TeX tools for LaTeX (JAW)
\etb@tempcnta=\count276
)
(/usr/share/texlive/texmf-dist/tex/latex/makecmds/makecmds.sty
Package: makecmds 2009/09/03 v1.0a extra command making commands
)
(/usr/share/texlive/texmf-dist/tex/latex/xkeyval/xkeyval.sty
Package: xkeyval 2020/11/20 v2.8 package option processing (HA)

(/usr/share/texlive/texmf-dist/tex/generic/xkeyval/xkeyval.tex
(/usr/share/texlive/texmf-dist/tex/generic/xkeyval/xkvutils.tex
\XKV@toks=\toks18
\XKV@tempa@toks=\toks19
)
\XKV@depth=\count277
File: xkeyval.tex 2014/12/03 v2.7a key=value parser (HA)
))
(/usr/share/texlive/texmf-dist/tex/latex/l3packages/l3keys2e/l3keys2e.sty
Package: l3keys2e 2022-01-12 LaTeX2e option processing using LaTeX3 keys
)

LaTeX hooks Warning: Generic hook 'file/after/tracklang.sty' is deprecated.
(hooks)              Use hook 'file/tracklang.sty/after' instead.


LaTeX hooks Warning: Generic hook 'package/after/bidi' is deprecated.
(hooks)              Use hook 'package/bidi/after' instead.


LaTeX hooks Warning: Generic hook 'package/after/luabidi' is deprecated.
(hooks)              Use hook 'package/luabidi/after' instead.

\xpg@normalclass=\XeTeXcharclass1
(/usr/share/texlive/texmf-dist/tex/latex/polyglossia/gloss-latex.ldf
File: gloss-latex.ldf polyglossia: module for default language
The property list \polyglossia@langsetup contains the pairs (without outer
braces):
>  {latex/script}  =>  {latin}
>  {latex/lcscript}  =>  {latin}
>  {latex/scripttag}  =>  {}
>  {latex/language}  =>  {Latex}
>  {latex/langtag}  =>  {ENG}
>  {latex/bcp47}  =>  {}
>  {latex/hyphennames}  =>  {english}
>  {latex/direction}  =>  {LR}
>  {latex/hyphenmins}  =>  {2,3}
>  {latex/frenchspacing}  =>  {false}
>  {latex/indentfirst}  =>  {false}
>  {latex/fontsetup}  =>  {true}
>  {latex/envname}  =>  {latex}
>  {latex/babelname}  =>  {latex}
>  {latex/localnumeral}  =>  {polyglossia@C@localnumeral}
>  {latex/Localnumeral}  =>  {polyglossia@C@localnumeral}.
)
Package polyglossia Info: Default language is latex.
)
(/usr/share/texlive/texmf-dist/tex/latex/polyglossia/gloss-russian.ldf
File: gloss-russian.ldf polyglossia: module for russian

(/usr/share/texlive/texmf-dist/tex/latex/polyglossia/xpg-cyrillicnumbers.sty
Package: xpg-cyrillicnumbers 2019/11/15 v0.2 Formatting of Cyrillic alphabetic 
numbers
)
The property list \polyglossia@langsetup contains the pairs (without outer
braces):
>  {latex/script}  =>  {latin}
>  {latex/lcscript}  =>  {latin}
>  {latex/scripttag}  =>  {}
>  {latex/language}  =>  {Latex}
>  {latex/langtag}  =>  {ENG}
>  {latex/bcp47}  =>  {}
>  {latex/hyphennames}  =>  {english}
>  {latex/direction}  =>  {LR}
>  {latex/hyphenmins}  =>  {2,3}
>  {latex/frenchspacing}  =>  {false}
>  {latex/indentfirst}  =>  {false}
>  {latex/fontsetup}  =>  {true}
>  {latex/envname}  =>  {latex}
>  {latex/babelname}  =>  {latex}
>  {latex/localnumeral}  =>  {polyglossia@C@localnumeral}
>  {latex/Localnumeral}  =>  {polyglossia@C@localnumeral}
>  {russian/script}  =>  {Cyrillic}
>  {russian/lcscript}  =>  {cyrillic}
>  {russian/scripttag}  =>  {cyrl}
>  {russian/language}  =>  {Russian}
>  {russian/langtag}  =>  {RUS}
>  {russian/bcp47}  =>  {ru}
>  {russian/hyphennames}  =>  {russian}
>  {russian/direction}  =>  {LR}
>  {russian/hyphenmins}  =>  {2,2}
>  {russian/frenchspacing}  =>  {true}
>  {russian/indentfirst}  =>  {true}
>  {russian/fontsetup}  =>  {true}
>  {russian/envname}  =>  {russian}
>  {russian/babelname}  =>  {russian}
>  {russian/localnumeral}  =>  {russiannumerals}
>  {russian/Localnumeral}  =>  {Russiannumerals}.


Package polyglossia Warning: No hyphenation patterns were loaded for `russian'
(polyglossia)                I will use \language=\l@nohyphenation instead on i
nput line 17.

\l@russian = a dialect from \language\l@nohyphenation 
Package polyglossia Info: Option: Russian, numerals=arabic.
(/usr/share/texlive/texmf-dist/tex/latex/polyglossia/babelsh.def
File: babelsh.def 2019/09/30 Babel common definitions for shorthands
 Taken verbatim from babel files (2019/09/27 v3.34)
)
Package polyglossia Info: Making " an active character on input line 97.
)
Package polyglossia Info: Default language is russian.

(/usr/share/texlive/texmf-dist/tex/latex/polyglossia/gloss-english.ldf
File: gloss-english.ldf polyglossia: module for english
The property list \polyglossia@langsetup contains the pairs (without outer
braces):
>  {latex/script}  =>  {latin}
>  {latex/lcscript}  =>  {latin}
>  {latex/scripttag}  =>  {}
>  {latex/language}  =>  {Latex}
>  {latex/langtag}  =>  {ENG}
>  {latex/bcp47}  =>  {}
>  {latex/hyphennames}  =>  {english}
>  {latex/direction}  =>  {LR}
>  {latex/hyphenmins}  =>  {2,3}
>  {latex/frenchspacing}  =>  {false}
>  {latex/indentfirst}  =>  {false}
>  {latex/fontsetup}  =>  {true}
>  {latex/envname}  =>  {latex}
>  {latex/babelname}  =>  {latex}
>  {latex/localnumeral}  =>  {polyglossia@C@localnumeral}
>  {latex/Localnumeral}  =>  {polyglossia@C@localnumeral}
>  {russian/script}  =>  {Cyrillic}
>  {russian/lcscript}  =>  {cyrillic}
>  {russian/scripttag}  =>  {cyrl}
>  {russian/language}  =>  {Russian}
>  {russian/langtag}  =>  {RUS}
>  {russian/bcp47}  =>  {ru}
>  {russian/hyphennames}  =>  {russian}
>  {russian/direction}  =>  {LR}
>  {russian/hyphenmins}  =>  {2,2}
>  {russian/frenchspacing}  =>  {true}
>  {russian/indentfirst}  =>  {true}
>  {russian/fontsetup}  =>  {true}
>  {russian/envname}  =>  {russian}
>  {russian/babelname}  =>  {russian}
>  {russian/localnumeral}  =>  {russiannumerals}
>  {russian/Localnumeral}  =>  {Russiannumerals}
>  {english/script}  =>  {latin}
>  {english/lcscript}  =>  {latin}
>  {english/scripttag}  =>  {}
>  {english/language}  =>  {English}
>  {english/langtag}  =>  {ENG}
>  {english/bcp47}  =>  {en-US}
>  {english/hyphennames}  =>  {english,american,usenglish,USenglish}
>  {english/direction}  =>  {LR}
>  {english/hyphenmins}  =>  {2,3}
>  {english/frenchspacing}  =>  {false}
>  {english/indentfirst}  =>  {false}
>  {english/fontsetup}  =>  {true}
>  {english/envname}  =>  {english}
>  {english/babelname}  =>  {english}
>  {english/localnumeral}  =>  {polyglossia@C@localnumeral}
>  {english/Localnumeral}  =>  {polyglossia@C@localnumeral}.
Package polyglossia Info: Option: English, variant=american.
)
(/usr/share/texlive/texmf-dist/tex/latex/xcolor/xcolor.sty
Package: xcolor 2021/10/31 v2.13 LaTeX color extensions (UK)

(/usr/share/texlive/texmf-dist/tex/latex/graphics-cfg/color.cfg
File: color.cfg 2016/01/02 v1.6 sample color configuration
)
Package xcolor Info: Driver file: xetex.def on input line 227.

(/usr/share/texlive/texmf-dist/tex/latex/graphics-def/xetex.def
File: xetex.def 2021/03/18 v5.0k Graphics/color driver for xetex
)
Package xcolor Info: Model `cmy' substituted by `cmy0' on input line 1352.
Package xcolor Info: Model `RGB' extended on input line 1368.
Package xcolor Info: Model `HTML' substituted by `rgb' on input line 1370.
Package xcolor Info: Model `Hsb' substituted by `hsb' on input line 1371.
Package xcolor Info: Model `tHsb' substituted by `hsb' on input line 1372.
Package xcolor Info: Model `HSB' substituted by `hsb' on input line 1373.
Package xcolor Info: Model `Gray' substituted by `gray' on input line 1374.
Package xcolor Info: Model `wave' substituted by `hsb' on input line 1375.
)
(/usr/share/texlive/texmf-dist/tex/latex/titlesec/titlesec.sty
Package: titlesec 2021/07/05 v2.14 Sectioning titles
\ttl@box=\box51
\beforetitleunit=\skip49
\aftertitleunit=\skip50
\ttl@plus=\dimen151
\ttl@minus=\dimen152
\ttl@toksa=\toks20
\titlewidth=\dimen153
\titlewidthlast=\dimen154
\titlewidthfirst=\dimen155
)
(/usr/share/texlive/texmf-dist/tex/latex/amsmath/amsmath.sty
Package: amsmath 2021/10/15 v2.17l AMS math features
\@mathmargin=\skip51

For additional information on amsmath, use the `?' option.
(/usr/share/texlive/texmf-dist/tex/latex/amsmath/amstext.sty
Package: amstext 2021/08/26 v2.01 AMS text

(/usr/share/texlive/texmf-dist/tex/latex/amsmath/amsgen.sty
File: amsgen.sty 1999/11/30 v2.0 generic functions
\@emptytoks=\toks21
\ex@=\dimen156
))
(/usr/share/texlive/texmf-dist/tex/latex/amsmath/amsbsy.sty
Package: amsbsy 1999/11/29 v1.2d Bold Symbols
\pmbraise@=\dimen157
)
(/usr/share/texlive/texmf-dist/tex/latex/amsmath/amsopn.sty
Package: amsopn 2021/08/26 v2.02 operator names
)
\inf@bad=\count278
LaTeX Info: Redefining \frac on input line 234.
\uproot@=\count279
\leftroot@=\count280
LaTeX Info: Redefining \overline on input line 399.
\classnum@=\count281
\DOTSCASE@=\count282
LaTeX Info: Redefining \ldots on input line 496.
LaTeX Info: Redefining \dots on input line 499.
LaTeX Info: Redefining \cdots on input line 620.
\Mathstrutbox@=\box52
\strutbox@=\box53
\big@size=\dimen158
LaTeX Font Info:    Redeclaring font encoding OML on input line 743.
LaTeX Font Info:    Redeclaring font encoding OMS on input line 744.
\macc@depth=\count283
\c@MaxMatrixCols=\count284
\dotsspace@=\muskip16
\c@parentequation=\count285
\dspbrk@lvl=\count286
\tag@help=\toks22
\row@=\count287
\column@=\count288
\maxfields@=\count289
\andhelp@=\toks23
\eqnshift@=\dimen159
\alignsep@=\dimen160
\tagshift@=\dimen161
\tagwidth@=\dimen162
\totwidth@=\dimen163
\lineht@=\dimen164
\@envbody=\toks24
\multlinegap=\skip52
\multlinetaggap=\skip53
\mathdisplay@stack=\toks25
LaTeX Info: Redefining \[ on input line 2938.
LaTeX Info: Redefining \] on input line 2939.
)
(/usr/share/texlive/texmf-dist/tex/latex/amsfonts/amssymb.sty
Package: amssymb 2013/01/14 v3.01 AMS font symbols

(/usr/share/texlive/texmf-dist/tex/latex/amsfonts/amsfonts.sty
Package: amsfonts 2013/01/14 v3.01 Basic AMSFonts support
\symAMSa=\mathgroup4
\symAMSb=\mathgroup5
LaTeX Font Info:    Redeclaring math symbol \hbar on input line 98.
LaTeX Font Info:    Overwriting math alphabet `\mathfrak' in version `bold'
(Font)                  U/euf/m/n --> U/euf/b/n on input line 106.
)) (./speech.aux
LaTeX Info: Redefining \rmfamily on input line 3.
LaTeX Info: Redefining \sffamily on input line 3.
LaTeX Info: Redefining \ttfamily on input line 3.


! Package polyglossia Error: The current latin font TimesNewRoman(0) does not c
ontain the "Cyrillic" script!
(polyglossia)                Please define \cyrillicfont with \newfontfamily co
mmand.

See the polyglossia package documentation for explanation.
Type  H <return>  for immediate help.
 ...                                              
                                                  
l.3 \selectlanguage *{russian}
                              
This error message was generated by an \errmessage
command, so I can't give any explicit help.
Pretend that you're Hercule Poirot: Examine all clues,
and deduce the truth by order and method.

)
\openout1 = `speech.aux'.

LaTeX Font Info:    Checking defaults for OML/cmm/m/it on input line 42.
LaTeX Font Info:    ... okay on input line 42.
LaTeX Font Info:    Checking defaults for OMS/cmsy/m/n on input line 42.
LaTeX Font Info:    ... okay on input line 42.
LaTeX Font Info:    Checking defaults for OT1/cmr/m/n on input line 42.
LaTeX Font Info:    ... okay on input line 42.
LaTeX Font Info:    Checking defaults for T1/cmr/m/n on input line 42.
LaTeX Font Info:    ... okay on input line 42.
LaTeX Font Info:    Checking defaults for TS1/cmr/m/n on input line 42.
LaTeX Font Info:    Trying to load font information for TS1+cmr on input line 4
2.
 (/usr/share/texlive/texmf-dist/tex/latex/base/ts1cmr.fd
File: ts1cmr.fd 2019/12/16 v2.5j Standard LaTeX font definitions
)
LaTeX Font Info:    ... okay on input line 42.
LaTeX Font Info:    Checking defaults for TU/lmr/m/n on input line 42.
LaTeX Font Info:    ... okay on input line 42.
LaTeX Font Info:    Checking defaults for OMX/cmex/m/n on input line 42.
LaTeX Font Info:    ... okay on input line 42.
LaTeX Font Info:    Checking defaults for U/cmr/m/n on input line 42.
LaTeX Font Info:    ... okay on input line 42.

*geometry* driver: auto-detecting
*geometry* detected driver: xetex
*geometry* verbose mode - [ preamble ] result:
* driver: xetex
* paper: a4paper
* layout: <same size as paper>
* layoutoffset:(h,v)=(0.0pt,0.0pt)
* modes: 
* h-part:(L,W,R)=(56.9055pt, 497.92325pt, 42.67912pt)
* v-part:(T,H,B)=(51.21495pt, 742.61694pt, 51.21495pt)
* \paperwidth=597.50787pt
* \paperheight=845.04684pt
* \textwidth=497.92325pt
* \textheight=742.61694pt
* \oddsidemargin=-15.36449pt
* \evensidemargin=-15.36449pt
* \topmargin=-58.05504pt
* \headheight=12.0pt
* \headsep=25.0pt
* \topskip=12.0pt
* \footskip=30.0pt
* \marginparwidth=35.0pt
* \marginparsep=10.0pt
* \columnsep=10.0pt
* \skip\footins=10.8pt plus 4.0pt minus 2.0pt
* \hoffset=0.0pt
* \voffset=0.0pt
* \mag=1000
* \@twocolumnfalse
* \@twosidefalse
* \@mparswitchfalse
* \@reversemarginfalse
* (1in=72.27pt=25.4mm, 1cm=28.453pt)


Package fontspec Info: Adjusting the maths setup (use [no-math] to avoid
(fontspec)             this).

\symlegacymaths=\mathgroup6
LaTeX Font Info:    Overwriting symbol font `legacymaths' in version `bold'
(Font)                  OT1/cmr/m/n --> OT1/cmr/bx/n on input line 42.
LaTeX Font Info:    Redeclaring math accent \acute on input line 42.
LaTeX Font Info:    Redeclaring math accent \grave on input line 42.
LaTeX Font Info:    Redeclaring math accent \ddot on input line 42.
LaTeX Font Info:    Redeclaring math accent \tilde on input line 42.
LaTeX Font Info:    Redeclaring math accent \bar on input line 42.
LaTeX Font Info:    Redeclaring math accent \breve on input line 42.
LaTeX Font Info:    Redeclaring math accent \check on input line 42.
LaTeX Font Info:    Redeclaring math accent \hat on input line 42.
LaTeX Font Info:    Redeclaring math accent \dot on input line 42.
LaTeX Font Info:    Redeclaring math accent \mathring on input line 42.
LaTeX Font Info:    Redeclaring math symbol \Gamma on input line 42.
LaTeX Font Info:    Redeclaring math symbol \Delta on input line 42.
LaTeX Font Info:    Redeclaring math symbol \Theta on input line 42.
LaTeX Font Info:    Redeclaring math symbol \Lambda on input line 42.
LaTeX Font Info:    Redeclaring math symbol \Xi on input line 42.
LaTeX Font Info:    Redeclaring math symbol \Pi on input line 42.
LaTeX Font Info:    Redeclaring math symbol \Sigma on input line 42.
LaTeX Font Info:    Redeclaring math symbol \Upsilon on input line 42.
LaTeX Font Info:    Redeclaring math symbol \Phi on input line 42.
LaTeX Font Info:    Redeclaring math symbol \Psi on input line 42.
LaTeX Font Info:    Redeclaring math symbol \Omega on input line 42.
LaTeX Font Info:    Redeclaring math symbol \mathdollar on input line 42.
LaTeX Font Info:    Redeclaring symbol font `operators' on input line 42.
LaTeX Font Info:    Encoding `OT1' has changed to `TU' for symbol font
(Font)              `operators' in the math version `normal' on input line 42.
LaTeX Font Info:    Overwriting symbol font `operators' in version `normal'
(Font)                  OT1/cmr/m/n --> TU/TimesNewRoman(0)/m/n on input line 4
2.
LaTeX Font Info:    Encoding `OT1' has changed to `TU' for symbol font
(Font)              `operators' in the math version `bold' on input line 42.
LaTeX Font Info:    Overwriting symbol font `operators' in version `bold'
(Font)                  OT1/cmr/bx/n --> TU/TimesNewRoman(0)/m/n on input line 
42.
LaTeX Font Info:    Overwriting symbol font `operators' in version `normal'
(Font)                  TU/TimesNewRoman(0)/m/n --> TU/TimesNewRoman(0)/m/n on 
input line 42.
LaTeX Font Info:    Overwriting math alphabet `\mathit' in version `normal'
(Font)                  OT1/cmr/m/it --> TU/TimesNewRoman(0)/m/it on input line
 42.
LaTeX Font Info:    Overwriting math alphabet `\mathbf' in version `normal'
(Font)                  OT1/cmr/bx/n --> TU/TimesNewRoman(0)/b/n on input line 
42.
LaTeX Font Info:    Overwriting math alphabet `\mathsf' in version `normal'
(Font)                  OT1/cmss/m/n --> TU/lmss/m/n on input line 42.
LaTeX Font Info:    Overwriting math alphabet `\mathtt' in version `normal'
(Font)                  OT1/cmtt/m/n --> TU/lmtt/m/n on input line 42.
LaTeX Font Info:    Overwriting symbol font `operators' in version `bold'
(Font)                  TU/TimesNewRoman(0)/m/n --> TU/TimesNewRoman(0)/b/n on 
input line 42.
LaTeX Font Info:    Overwriting math alphabet `\mathit' in version `bold'
(Font)                  OT1/cmr/bx/it --> TU/TimesNewRoman(0)/b/it on input lin
e 42.
LaTeX Font Info:    Overwriting math alphabet `\mathsf' in version `bold'
(Font)                  OT1/cmss/bx/n --> TU/lmss/b/n on input line 42.
LaTeX Font Info:    Overwriting math alphabet `\mathtt' in version `bold'
(Font)                  OT1/cmtt/m/n --> TU/lmtt/b/n on input line 42.
LaTeX Info: Redefining \rmfamily on input line 42.
LaTeX Info: Redefining \sffamily on input line 42.
LaTeX Info: Redefining \ttfamily on input line 42.
LaTeX Info: Redefining \rmfamily on input line 42.
LaTeX Info: Redefining \sffamily on input line 42.
LaTeX Info: Redefining \ttfamily on input line 42.

! Package polyglossia Error: The current latin font TimesNewRoman(0) does not c
ontain the "Cyrillic" script!
(polyglossia)                Please define \cyrillicfont with \newfontfamily co
mmand.

See the polyglossia package documentation for explanation.
Type  H <return>  for immediate help.
 ...                                              
                                                  
l.42 \begin{document}
                     
(That was another \errmessage.)


! Package polyglossia Error: The current latin font TimesNewRoman(0) does not c
ontain the "Cyrillic" script!
(polyglossia)                Please define \cyrillicfont with \newfontfamily co
mmand.

See the polyglossia package documentation for explanation.
Type  H <return>  for immediate help.
 ...                                              
                                                  
l.45 \section*{Слайд 1. Титул~~($\approx$\,15 с)}
                                                 
(That was another \errmessage.)

LaTeX Font Info:    Trying to load font information for U+msa on input line 45.

(/usr/share/texlive/texmf-dist/tex/latex/amsfonts/umsa.fd
File: umsa.fd 2013/01/14 v3.01 AMS symbols A
)
LaTeX Font Info:    Trying to load font information for U+msb on input line 45.


(/usr/share/texlive/texmf-dist/tex/latex/amsfonts/umsb.fd
File: umsb.fd 2013/01/14 v3.01 AMS symbols B
)
Underfull \hbox (badness 10000) in paragraph at lines 47--51
[]\TU/TimesNewRoman(0)/m/n/12 Уважаемые члены комиссии! Меня зовут Шестаков Вла
д, представляю выпускную
 []


! Package polyglossia Error: The current latin font TimesNewRoman(0) does not c
ontain the "Cyrillic" script!
(polyglossia)                Please define \cyrillicfont with \newfontfamily co
mmand.

See the polyglossia package documentation for explanation.
Type  H <return>  for immediate help.
 ...                                              
                                                  
l.53 ...{Слайд 2. Актуальность~~($\approx$\,45 с)}
                                                  
(That was another \errmessage.)


Underfull \hbox (badness 2088) in paragraph at lines 55--78
\TU/TimesNewRoman(0)/m/n/12 TLS, мессенджеры, банковские транзакции, IoT-устрой
ства, аппаратные кошельки. Поясню
 []


Underfull \hbox (badness 2005) in paragraph at lines 55--78
\TU/TimesNewRoman(0)/m/n/12 (HTTPS, почта, мобильные приложения): при каждом но
вом соединении клиент и сервер
 []


Underfull \hbox (badness 2253) in paragraph at lines 55--78
\TU/TimesNewRoman(0)/m/n/12 генерируют случайные nonce и эфемерные ключи Диффи–
Хеллмана, от качества которых
 []


Underfull \hbox (badness 4378) in paragraph at lines 55--78
\TU/TimesNewRoman(0)/m/n/12 напрямую зависит секретность сессии. \TU/TimesNewRo
man(0)/b/n/12 Мессенджеры \TU/TimesNewRoman(0)/m/n/12 (Signal, WhatsApp, Telegr
am secret
 []


Underfull \hbox (badness 2961) in paragraph at lines 55--78
\TU/TimesNewRoman(0)/m/n/12 рекомендации по генерации ключевого материала — пре
жде всего NIST SP 800-90B —
 []


! Package polyglossia Error: The current latin font TimesNewRoman(0) does not c
ontain the "Cyrillic" script!
(polyglossia)                Please define \cyrillicfont with \newfontfamily co
mmand.

See the polyglossia package documentation for explanation.
Type  H <return>  for immediate help.
 ...                                              
                                                  
l.91 ...Слайд 3. Цель и задачи~~($\approx$\,25 с)}
                                                  
(That was another \errmessage.)


Underfull \hbox (badness 5592) in paragraph at lines 93--97
[]\TU/TimesNewRoman(0)/m/n/12 Цель работы — сравнить доступные источники энтроп
ии (аудио-, радио-, фотонные и
 []


Underfull \hbox (badness 1014) in paragraph at lines 98--102
\TU/TimesNewRoman(0)/m/n/12 стенда на доступной элементной базе, реализация про
зрачного конвейера постобработки, и
 []


Underfull \hbox (badness 1067) in paragraph at lines 109--109
\TU/TimesNewRoman(0)/m/it/10.95 из 15 групп тестов стандарта SP 800-22 (детальн
о на следующих слайдах). Под «стоимостью и
 []


! Package polyglossia Error: The current latin font TimesNewRoman(0) does not c
ontain the "Cyrillic" script!
(polyglossia)                Please define \cyrillicfont with \newfontfamily co
mmand.

See the polyglossia package documentation for explanation.
Type  H <return>  for immediate help.
 ...                                              
                                                  
l.112 ... методология проверки~~($\approx$\,45 с)}
                                                  
(That was another \errmessage.)


Underfull \hbox (badness 2856) in paragraph at lines 114--121
[]\TU/TimesNewRoman(0)/m/n/12 Качество последовательности проверяется статистич
ескими тестами. Нулевая гипотеза $\OML/cmm/m/it/12 H[]$
 []


Underfull \hbox (badness 1412) in paragraph at lines 114--121
\TU/TimesNewRoman(0)/m/n/12 формулируется единообразно для всего пакета: «после
довательность порождена идеальным
 []


Underfull \hbox (badness 1292) in paragraph at lines 114--121
\TU/TimesNewRoman(0)/m/n/12 источником — независимые биты с вероятностью одной 
второй». Каждый тест вычисляет
 []


Underfull \hbox (badness 1831) in paragraph at lines 114--121
\TU/TimesNewRoman(0)/m/n/12 некоторую статистику $\OML/cmm/m/it/12 T$ \TU/Times
NewRoman(0)/m/n/12 и её $\OML/cmm/m/it/12 p$\TU/TimesNewRoman(0)/m/n/12 -значен
ие — вероятность увидеть наблюдаемое или более
 []


! Package polyglossia Error: The current latin font TimesNewRoman(0) does not c
ontain the "Cyrillic" script!
(polyglossia)                Please define \cyrillicfont with \newfontfamily co
mmand.

See the polyglossia package documentation for explanation.
Type  H <return>  for immediate help.
 ...                                              
                                                  
l.121 
      
(That was another \errmessage.)

[1

]

! Package polyglossia Error: The current latin font TimesNewRoman(0) does not c
ontain the "Cyrillic" script!
(polyglossia)                Please define \cyrillicfont with \newfontfamily co
mmand.

See the polyglossia package documentation for explanation.
Type  H <return>  for immediate help.
 ...                                              
                                                  
l.162 ...атываниями, рекомендация NIST SP 800-22.}
                                                  
(That was another \errmessage.)


Underfull \hbox (badness 3965) in paragraph at lines 162--162
\TU/TimesNewRoman(0)/m/it/10.95 — зависит от альтернативы. Выбор $\OML/cmm/m/it
/10.95 ^^K \OT1/cmr/m/n/10.95 = 0[]01$ \TU/TimesNewRoman(0)/m/it/10.95 — компро
мисс между мощностью теста и
 []


! Package polyglossia Error: The current latin font TimesNewRoman(0) does not c
ontain the "Cyrillic" script!
(polyglossia)                Please define \cyrillicfont with \newfontfamily co
mmand.

See the polyglossia package documentation for explanation.
Type  H <return>  for immediate help.
 ...                                              
                                                  
l.165 ... проверяемых дефектов~~($\approx$\,55 с)}
                                                  
(That was another \errmessage.)


! Package polyglossia Error: The current latin font TimesNewRoman(0) does not c
ontain the "Cyrillic" script!
(polyglossia)                Please define \cyrillicfont with \newfontfamily co
mmand.

See the polyglossia package documentation for explanation.
Type  H <return>  for immediate help.
 ...                                              
                                                  
l.192 
      
(That was another \errmessage.)

[2]
Underfull \hbox (badness 3547) in paragraph at lines 193--197
[]\TU/TimesNewRoman(0)/m/n/12 И \TU/TimesNewRoman(0)/m/it/12 случайные блуждани
я \TU/TimesNewRoman(0)/m/n/12 — RandomExcursions и RandomExcursionsVariant — ан
омальную
 []


! Package polyglossia Error: The current latin font TimesNewRoman(0) does not c
ontain the "Cyrillic" script!
(polyglossia)                Please define \cyrillicfont with \newfontfamily co
mmand.

See the polyglossia package documentation for explanation.
Type  H <return>  for immediate help.
 ...                                              
                                                  
l.219 ...6. Архитектура стенда~~($\approx$\,35 с)}
                                                  
(That was another \errmessage.)


Underfull \hbox (badness 1205) in paragraph at lines 221--229
\TU/TimesNewRoman(0)/m/n/12 каналу. На стороне ПК конвейер на Python выполняет 
захват потока, извлечение младших
 []


! Package polyglossia Error: The current latin font TimesNewRoman(0) does not c
ontain the "Cyrillic" script!
(polyglossia)                Please define \cyrillicfont with \newfontfamily co
mmand.

See the polyglossia package documentation for explanation.
Type  H <return>  for immediate help.
 ...                                              
                                                  
l.237 ...h} (обёртка над пакетом NIST STS 2.1.2).}
                                                  
(That was another \errmessage.)


! Package polyglossia Error: The current latin font TimesNewRoman(0) does not c
ontain the "Cyrillic" script!
(polyglossia)                Please define \cyrillicfont with \newfontfamily co
mmand.

See the polyglossia package documentation for explanation.
Type  H <return>  for immediate help.
 ...                                              
                                                  
l.237 ...h} (обёртка над пакетом NIST STS 2.1.2).}
                                                  
(That was another \errmessage.)


! Package polyglossia Error: The current latin font TimesNewRoman(0) does not c
ontain the "Cyrillic" script!
(polyglossia)                Please define \cyrillicfont with \newfontfamily co
mmand.

See the polyglossia package documentation for explanation.
Type  H <return>  for immediate help.
 ...                                              
                                                  
l.237 ...h} (обёртка над пакетом NIST STS 2.1.2).}
                                                  
(That was another \errmessage.)


! Package polyglossia Error: The current latin font TimesNewRoman(0) does not c
ontain the "Cyrillic" script!
(polyglossia)                Please define \cyrillicfont with \newfontfamily co
mmand.

See the polyglossia package documentation for explanation.
Type  H <return>  for immediate help.
 ...                                              
                                                  
l.237 ...h} (обёртка над пакетом NIST STS 2.1.2).}
                                                  
(That was another \errmessage.)


! Package polyglossia Error: The current latin font TimesNewRoman(0) does not c
ontain the "Cyrillic" script!
(polyglossia)                Please define \cyrillicfont with \newfontfamily co
mmand.

See the polyglossia package documentation for explanation.
Type  H <return>  for immediate help.
 ...                                              
                                                  
l.237 ...h} (обёртка над пакетом NIST STS 2.1.2).}
                                                  
(That was another \errmessage.)


! Package polyglossia Error: The current latin font TimesNewRoman(0) does not c
ontain the "Cyrillic" script!
(polyglossia)                Please define \cyrillicfont with \newfontfamily co
mmand.

See the polyglossia package documentation for explanation.
Type  H <return>  for immediate help.
 ...                                              
                                                  
l.237 ...h} (обёртка над пакетом NIST STS 2.1.2).}
                                                  
(That was another \errmessage.)


! Package polyglossia Error: The current latin font TimesNewRoman(0) does not c
ontain the "Cyrillic" script!
(polyglossia)                Please define \cyrillicfont with \newfontfamily co
mmand.

See the polyglossia package documentation for explanation.
Type  H <return>  for immediate help.
 ...                                              
                                                  
l.237 ...h} (обёртка над пакетом NIST STS 2.1.2).}
                                                  
(That was another \errmessage.)


! Package polyglossia Error: The current latin font TimesNewRoman(0) does not c
ontain the "Cyrillic" script!
(polyglossia)                Please define \cyrillicfont with \newfontfamily co
mmand.

See the polyglossia package documentation for explanation.
Type  H <return>  for immediate help.
 ...                                              
                                                  
l.240 ... 7. Источник энтропии~~($\approx$\,25 с)}
                                                  
(That was another \errmessage.)


Underfull \hbox (badness 1509) in paragraph at lines 242--246
\TU/TimesNewRoman(0)/m/n/12 шум; сигнал снимается с эмиттера через разделительн
ый конденсатор и подаётся на вход
 []


Underfull \hbox (badness 6016) in paragraph at lines 294--294
[]\TU/TimesNewRoman(0)/b/it/10.95 Что такое «случайный характер ударной ионизац
ии». \TU/TimesNewRoman(0)/m/it/10.95 При обратном смещении BE-перехода
 []


Underfull \hbox (badness 3058) in paragraph at lines 294--294
\TU/TimesNewRoman(0)/m/it/10.95 столкновении такого «горячего» носителя с атомо
м решётки происходит \TU/TimesNewRoman(0)/m/n/10.95 ударная ионизация \TU/Times
NewRoman(0)/m/it/10.95 —
 []


Underfull \hbox (badness 1237) in paragraph at lines 294--294
\TU/TimesNewRoman(0)/m/it/10.95 выбивается новая электрон-дырочная пара, котора
я, в свою очередь, разгоняется полем и может
 []


! Package polyglossia Error: The current latin font TimesNewRoman(0) does not c
ontain the "Cyrillic" script!
(polyglossia)                Please define \cyrillicfont with \newfontfamily co
mmand.

See the polyglossia package documentation for explanation.
Type  H <return>  for immediate help.
 ...                                              
                                                  
l.294 ...антовых рулеток>> внутри полупроводника.}
                                                  
(That was another \errmessage.)

[3]
Underfull \hbox (badness 1248) in paragraph at lines 294--294
[]\TU/TimesNewRoman(0)/m/n/10.95 Момент ионизации. \TU/TimesNewRoman(0)/m/it/10
.95 Длина свободного пробега носителя между столкновениями — случайная
 []


Underfull \hbox (badness 4660) in paragraph at lines 294--294
[]\TU/TimesNewRoman(0)/m/n/10.95 Координата ионизации. \TU/TimesNewRoman(0)/m/i
t/10.95 Где именно в обеднённой области произошёл акт — зависит от
 []


Underfull \hbox (badness 10000) in paragraph at lines 294--294
\TU/TimesNewRoman(0)/m/it/10.95 процесс Гальтона–Уотсона), описываемая коэффици
ентами ионизации $\OML/cmm/m/it/10.95 ^^K[]\OT1/cmr/m/n/10.95 (\OML/cmm/m/it/10
.95 E\OT1/cmr/m/n/10.95 )$\TU/TimesNewRoman(0)/m/it/10.95 , $\OML/cmm/m/it/10.9
5 ^^K[]\OT1/cmr/m/n/10.95 (\OML/cmm/m/it/10.95 E\OT1/cmr/m/n/10.95 )$ \TU/Times
NewRoman(0)/m/it/10.95 для
 []


! Package polyglossia Error: The current latin font TimesNewRoman(0) does not c
ontain the "Cyrillic" script!
(polyglossia)                Please define \cyrillicfont with \newfontfamily co
mmand.

See the polyglossia package documentation for explanation.
Type  H <return>  for immediate help.
 ...                                              
                                                  
l.297 ...ый усилительный тракт~~($\approx$\,15 с)}
                                                  
(That was another \errmessage.)


Underfull \hbox (badness 10000) in paragraph at lines 299--302
\TU/TimesNewRoman(0)/m/n/12 на сдвоенном ОУ LM358 с коэффициентом порядка пятис
от; оцифровка выполняется
 []


! Package polyglossia Error: The current latin font TimesNewRoman(0) does not c
ontain the "Cyrillic" script!
(polyglossia)                Please define \cyrillicfont with \newfontfamily co
mmand.

See the polyglossia package documentation for explanation.
Type  H <return>  for immediate help.
 ...                                              
                                                  
l.311 ...еление сырого сигнала~~($\approx$\,40 с)}
                                                  
(That was another \errmessage.)


Underfull \hbox (badness 7344) in paragraph at lines 313--317
\TU/TimesNewRoman(0)/m/n/12 среднего и стандартного отклонения — на слайде. Оги
бающая распределения хорошо
 []


Underfull \hbox (badness 3098) in paragraph at lines 325--330
\TU/TimesNewRoman(0)/m/n/12 крупномасштабную форму распределения, а распределен
ие младших разрядов зависит от
 []


Underfull \hbox (badness 7047) in paragraph at lines 325--330
\TU/TimesNewRoman(0)/m/n/12 мельчайших бин-уровневых деталей — это совершенно р
азные характеристики. Форма
 []


! Package polyglossia Error: The current latin font TimesNewRoman(0) does not c
ontain the "Cyrillic" script!
(polyglossia)                Please define \cyrillicfont with \newfontfamily co
mmand.

See the polyglossia package documentation for explanation.
Type  H <return>  for immediate help.
 ...                                              
                                                  
l.464 ...m 10^{-4}$, что согласуется с эмпирикой.}
                                                  
(That was another \errmessage.)

[4]
Underfull \hbox (badness 1365) in paragraph at lines 464--464
[]\TU/TimesNewRoman(0)/b/it/10.95 Критерий согласия Пирсона ($\OML/cmm/m/it/10.
95 ^^_[]$\TU/TimesNewRoman(0)/b/it/10.95 ). \TU/TimesNewRoman(0)/m/it/10.95 Про
веряемая гипотеза $\OML/cmm/m/it/10.95 H[]$\TU/TimesNewRoman(0)/m/it/10.95 : «$
\OML/cmm/m/it/10.95 Y[] \OMS/cmsy/m/n/10.95 ^^X N\OT1/cmr/m/n/10.95 ([]\OML/cmm
/m/it/10.95 ; []\OT1/cmr/m/n/10.95 )$\TU/TimesNewRoman(0)/m/it/10.95 ». Шкалу з
начений
 []


Underfull \hbox (badness 2285) in paragraph at lines 464--464
[]\TU/TimesNewRoman(0)/b/it/10.95 Главное недоразумение: $\OML/cmm/m/it/10.95 p
  \OMS/cmsy/m/n/10.95 ^^Y  \OT1/cmr/m/n/10.95 0$ \TU/TimesNewRoman(0)/b/n/10.95
 не значит\TU/TimesNewRoman(0)/b/it/10.95 , что значение увидеть невозможно. $\
OML/cmm/m/it/10.95 p$\TU/TimesNewRoman(0)/m/it/10.95 -value — это
 []


! Package polyglossia Error: The current latin font TimesNewRoman(0) does not c
ontain the "Cyrillic" script!
(polyglossia)                Please define \cyrillicfont with \newfontfamily co
mmand.

See the polyglossia package documentation for explanation.
Type  H <return>  for immediate help.
 ...                                              
                                                  
l.464 ...m 10^{-4}$, что согласуется с эмпирикой.}
                                                  
(That was another \errmessage.)

[5]
Underfull \hbox (badness 3098) in paragraph at lines 464--464
[]\TU/TimesNewRoman(0)/b/it/10.95 Причины отклонения от нормальности. \TU/Times
NewRoman(0)/m/n/10.95 (а) Квантование\TU/TimesNewRoman(0)/m/it/10.95 : непрерыв
ный сигнал $\OML/cmm/m/it/10.95 V\OT1/cmr/m/n/10.95 (\OML/cmm/m/it/10.95 t\OT1/
cmr/m/n/10.95 )$ \TU/TimesNewRoman(0)/m/it/10.95 принимает
 []


! Package polyglossia Error: The current latin font TimesNewRoman(0) does not c
ontain the "Cyrillic" script!
(polyglossia)                Please define \cyrillicfont with \newfontfamily co
mmand.

See the polyglossia package documentation for explanation.
Type  H <return>  for immediate help.
 ...                                              
                                                  
l.467 ...й поток: что мы видим~~($\approx$\,40 с)}
                                                  
(That was another \errmessage.)


Underfull \hbox (badness 1102) in paragraph at lines 645--645
[]\TU/TimesNewRoman(0)/b/it/10.95 Как вообще считается корреляция, простыми сло
вами. \TU/TimesNewRoman(0)/m/it/10.95 Корреляция — это число от $\OMS/cmsy/m/n/
10.95 ^^@\OT1/cmr/m/n/10.95 1$ \TU/TimesNewRoman(0)/m/it/10.95 до $\OT1/cmr/m/n
/10.95 +1$\TU/TimesNewRoman(0)/m/it/10.95 ,
 []


! Package polyglossia Error: The current latin font TimesNewRoman(0) does not c
ontain the "Cyrillic" script!
(polyglossia)                Please define \cyrillicfont with \newfontfamily co
mmand.

See the polyglossia package documentation for explanation.
Type  H <return>  for immediate help.
 ...                                              
                                                  
l.645 ...инная min-entropy практически равна $1$.}
                                                  
(That was another \errmessage.)

[6]
Underfull \hbox (badness 2564) in paragraph at lines 645--645
[]\TU/TimesNewRoman(0)/m/n/10.95 Шаг 2. Нормировка. \TU/TimesNewRoman(0)/m/it/1
0.95 Проблема ковариации — её величина зависит от единиц измерения. Чтобы
 []


Underfull \hbox (badness 1412) in paragraph at lines 645--645
\TU/TimesNewRoman(0)/m/it/10.95 получить безразмерное число, делим на произведе
ние среднеквадратичных отклонений: $\OML/cmm/m/it/10.95 ^^Z\OT1/cmr/m/n/10.95 (
\OML/cmm/m/it/10.95 X; Y\OT1/cmr/m/n/10.95 ) =
 []


! Package polyglossia Error: The current latin font TimesNewRoman(0) does not c
ontain the "Cyrillic" script!
(polyglossia)                Please define \cyrillicfont with \newfontfamily co
mmand.

See the polyglossia package documentation for explanation.
Type  H <return>  for immediate help.
 ...                                              
                                                  
l.645 ...инная min-entropy практически равна $1$.}
                                                  
(That was another \errmessage.)

[7]

! Package polyglossia Error: The current latin font TimesNewRoman(0) does not c
ontain the "Cyrillic" script!
(polyglossia)                Please define \cyrillicfont with \newfontfamily co
mmand.

See the polyglossia package documentation for explanation.
Type  H <return>  for immediate help.
 ...                                              
                                                  
l.648 ...Корректор фон Неймана~~($\approx$\,60 с)}
                                                  
(That was another \errmessage.)


Underfull \hbox (badness 7576) in paragraph at lines 670--674
[]\TU/TimesNewRoman(0)/m/n/12 На канале BJT после фон Неймана получено тринадца
ть PASS из пятнадцати групп
 []


Underfull \hbox (badness 6032) in paragraph at lines 670--674
\TU/TimesNewRoman(0)/m/n/12 NIST STS. Проваливаются только тесты случайных блуж
даний — RandomExcursions и
 []


! Package polyglossia Error: The current latin font TimesNewRoman(0) does not c
ontain the "Cyrillic" script!
(polyglossia)                Please define \cyrillicfont with \newfontfamily co
mmand.

See the polyglossia package documentation for explanation.
Type  H <return>  for immediate help.
 ...                                              
                                                  
l.674 
      
(That was another \errmessage.)

[8]

! Package polyglossia Error: The current latin font TimesNewRoman(0) does not c
ontain the "Cyrillic" script!
(polyglossia)                Please define \cyrillicfont with \newfontfamily co
mmand.

See the polyglossia package documentation for explanation.
Type  H <return>  for immediate help.
 ...                                              
                                                  
l.756 $\sim 5$ строк на любом языке.}
                                     
(That was another \errmessage.)

[9]

! Package polyglossia Error: The current latin font TimesNewRoman(0) does not c
ontain the "Cyrillic" script!
(polyglossia)                Please define \cyrillicfont with \newfontfamily co
mmand.

See the polyglossia package documentation for explanation.
Type  H <return>  for immediate help.
 ...                                              
                                                  
l.759 ...ы случайных блужданий~~($\approx$\,55 с)}
                                                  
(That was another \errmessage.)


! Package polyglossia Error: The current latin font TimesNewRoman(0) does not c
ontain the "Cyrillic" script!
(polyglossia)                Please define \cyrillicfont with \newfontfamily co
mmand.

See the polyglossia package documentation for explanation.
Type  H <return>  for immediate help.
 ...                                              
                                                  
l.793 ...я: умножение смещений~~($\approx$\,55 с)}
                                                  
(That was another \errmessage.)


Underfull \hbox (badness 1460) in paragraph at lines 806--813
\TU/TimesNewRoman(0)/m/n/12 смещений с экспоненциально растущим множителем по $
\OML/cmm/m/it/12 n$\TU/TimesNewRoman(0)/m/n/12 . Формула приведена на слайде.
 []


Underfull \hbox (badness 1484) in paragraph at lines 806--813
\TU/TimesNewRoman(0)/m/n/12 Поскольку входные смещения малы и меньше одной втор
ой, выходное смещение убывает
 []


Underfull \hbox (badness 1769) in paragraph at lines 806--813
\TU/TimesNewRoman(0)/m/n/12 геометрически с ростом окна — крошечный остаток пос
ле фон Неймана превращается в
 []


! Package polyglossia Error: The current latin font TimesNewRoman(0) does not c
ontain the "Cyrillic" script!
(polyglossia)                Please define \cyrillicfont with \newfontfamily co
mmand.

See the polyglossia package documentation for explanation.
Type  H <return>  for immediate help.
 ...                                              
                                                  
l.818 
      
(That was another \errmessage.)

[10]
Underfull \hbox (badness 10000) in paragraph at lines 856--856
[]\TU/TimesNewRoman(0)/m/n/10.95 Альтернативные формулировки\TU/TimesNewRoman(0
)/m/it/10.95 , тоже корректные: «геометрической прогрессией», «как $\OML/cmm/m/
it/10.95 r[]$\TU/TimesNewRoman(0)/m/it/10.95 »,
 []


Underfull \hbox (badness 1354) in paragraph at lines 856--856
\TU/TimesNewRoman(0)/m/it/10.95 «суперэкспоненциально при малом $\OML/cmm/m/it/
10.95 "$\TU/TimesNewRoman(0)/m/it/10.95 ». Что НЕ корректно: «полиномиально» ил
и «линейно» — там
 []


! Package polyglossia Error: The current latin font TimesNewRoman(0) does not c
ontain the "Cyrillic" script!
(polyglossia)                Please define \cyrillicfont with \newfontfamily co
mmand.

See the polyglossia package documentation for explanation.
Type  H <return>  for immediate help.
 ...                                              
                                                  
l.859 ...14. Главный результат~~($\approx$\,40 с)}
                                                  
(That was another \errmessage.)


! Package polyglossia Error: The current latin font TimesNewRoman(0) does not c
ontain the "Cyrillic" script!
(polyglossia)                Please define \cyrillicfont with \newfontfamily co
mmand.

See the polyglossia package documentation for explanation.
Type  H <return>  for immediate help.
 ...                                              
                                                  
l.983 ...essing\_nist\_comparison\_after\_vn.md}.}
                                                  
(That was another \errmessage.)


Overfull \hbox (53.65657pt too wide) in paragraph at lines 983--983
[]\TU/TimesNewRoman(0)/m/it/10.95 (\TU/TimesNewRoman(0)/b/it/10.95 Конкретные з
начения на итоговом потоке после vN $\OT1/cmr/m/n/10.95 +$ \TU/TimesNewRoman(0)
/b/it/10.95 XOR-децимации \TU/TimesNewRoman(0)/m/it/10.95 (файл \TU/lmtt/m/it/1
0.95 postproc_decim_xor8win_vn2.bin\TU/TimesNewRoman(0)/m/it/10.95 ,
 []


! Package polyglossia Error: The current latin font TimesNewRoman(0) does not c
ontain the "Cyrillic" script!
(polyglossia)                Please define \cyrillicfont with \newfontfamily co
mmand.

See the polyglossia package documentation for explanation.
Type  H <return>  for immediate help.
 ...                                              
                                                  
l.983 ...essing\_nist\_comparison\_after\_vn.md}.}
                                                  
(That was another \errmessage.)

[11]

! Package polyglossia Error: The current latin font TimesNewRoman(0) does not c
ontain the "Cyrillic" script!
(polyglossia)                Please define \cyrillicfont with \newfontfamily co
mmand.

See the polyglossia package documentation for explanation.
Type  H <return>  for immediate help.
 ...                                              
                                                  
l.983 ...essing\_nist\_comparison\_after\_vn.md}.}
                                                  
(That was another \errmessage.)


! Package polyglossia Error: The current latin font TimesNewRoman(0) does not c
ontain the "Cyrillic" script!
(polyglossia)                Please define \cyrillicfont with \newfontfamily co
mmand.

See the polyglossia package documentation for explanation.
Type  H <return>  for immediate help.
 ...                                              
                                                  
l.983 ...essing\_nist\_comparison\_after\_vn.md}.}
                                                  
(That was another \errmessage.)


! Package polyglossia Error: The current latin font TimesNewRoman(0) does not c
ontain the "Cyrillic" script!
(polyglossia)                Please define \cyrillicfont with \newfontfamily co
mmand.

See the polyglossia package documentation for explanation.
Type  H <return>  for immediate help.
 ...                                              
                                                  
l.983 ...essing\_nist\_comparison\_after\_vn.md}.}
                                                  
(That was another \errmessage.)


! Package polyglossia Error: The current latin font TimesNewRoman(0) does not c
ontain the "Cyrillic" script!
(polyglossia)                Please define \cyrillicfont with \newfontfamily co
mmand.

See the polyglossia package documentation for explanation.
Type  H <return>  for immediate help.
 ...                                              
                                                  
l.983 ...essing\_nist\_comparison\_after\_vn.md}.}
                                                  
(That was another \errmessage.)


! Package polyglossia Error: The current latin font TimesNewRoman(0) does not c
ontain the "Cyrillic" script!
(polyglossia)                Please define \cyrillicfont with \newfontfamily co
mmand.

See the polyglossia package documentation for explanation.
Type  H <return>  for immediate help.
 ...                                              
                                                  
l.983 ...essing\_nist\_comparison\_after\_vn.md}.}
                                                  
(That was another \errmessage.)


Underfull \hbox (badness 10000) in paragraph at lines 983--983
[]\TU/TimesNewRoman(0)/m/it/10.95 SHA-256 от блоков по 2048 байт.
 []


Underfull \hbox (badness 10000) in paragraph at lines 983--983
\TU/TimesNewRoman(0)/m/it/10.95 Криптографический хэш — непрозрачное
 []


Underfull \hbox (badness 2980) in paragraph at lines 983--983
[]\TU/TimesNewRoman(0)/m/n/10.95 Почему отброшены ‘xor_delay8‘ и ‘xor_lsb012‘: 
\TU/TimesNewRoman(0)/m/it/10.95 оба сохраняют длину потока (нет децимации) и
 []


Underfull \hbox (badness 3815) in paragraph at lines 983--983
\TU/TimesNewRoman(0)/m/it/10.95 не разрушают длинных корреляций — проваливают R
andomExcursions и RandomExcursionsVariant.
 []


! Package polyglossia Error: The current latin font TimesNewRoman(0) does not c
ontain the "Cyrillic" script!
(polyglossia)                Please define \cyrillicfont with \newfontfamily co
mmand.

See the polyglossia package documentation for explanation.
Type  H <return>  for immediate help.
 ...                                              
                                                  
l.983 ...essing\_nist\_comparison\_after\_vn.md}.}
                                                  
(That was another \errmessage.)


! Package polyglossia Error: The current latin font TimesNewRoman(0) does not c
ontain the "Cyrillic" script!
(polyglossia)                Please define \cyrillicfont with \newfontfamily co
mmand.

See the polyglossia package documentation for explanation.
Type  H <return>  for immediate help.
 ...                                              
                                                  
l.983 ...essing\_nist\_comparison\_after\_vn.md}.}
                                                  
(That was another \errmessage.)


Underfull \hbox (badness 1215) in paragraph at lines 983--983
[]\TU/TimesNewRoman(0)/m/n/10.95 Почему выбран именно ‘decim_xor8win‘ (а не ‘fo
ld_lsb_byte‘): \TU/TimesNewRoman(0)/m/it/10.95 оба дают $\OT1/cmr/m/n/10.95 15/
15$\TU/TimesNewRoman(0)/m/it/10.95 , но \TU/lmtt/m/it/10.95 decim_xor8win
 []


Underfull \hbox (badness 1342) in paragraph at lines 983--983
[]\TU/TimesNewRoman(0)/m/n/10.95 Почему SHA-256 не учитывался: \TU/TimesNewRoma
n(0)/m/it/10.95 (а) выход $\OMS/cmsy/m/n/10.95 ^^Y \OT1/cmr/m/n/10.95 0[]495$ \
TU/TimesNewRoman(0)/m/it/10.95 МБ короче минимума $\OT1/cmr/m/n/10.95 1[]25$ \T
U/TimesNewRoman(0)/m/it/10.95 МБ для NIST STS
 []


Underfull \hbox (badness 1661) in paragraph at lines 983--983
\TU/TimesNewRoman(0)/m/it/10.95 их — такой выход непрозрачен для аудита и наруш
ает заявленный принцип «постобработка без
 []


! Package polyglossia Error: The current latin font TimesNewRoman(0) does not c
ontain the "Cyrillic" script!
(polyglossia)                Please define \cyrillicfont with \newfontfamily co
mmand.

See the polyglossia package documentation for explanation.
Type  H <return>  for immediate help.
 ...                                              
                                                  
l.983 ...essing\_nist\_comparison\_after\_vn.md}.}
                                                  
(That was another \errmessage.)


Overfull \hbox (129.32549pt too wide) in paragraph at lines 983--983
\TU/lmtt/m/it/10.95 trng/data/reports/ 03_bjt_avalanche_vcc_stabilization_after
vn_exp/postprocessing_nist_comparison_after_vn.md\TU/TimesNewRoman(0)/m/it/10.9
5 .)[] 
 []


! Package polyglossia Error: The current latin font TimesNewRoman(0) does not c
ontain the "Cyrillic" script!
(polyglossia)                Please define \cyrillicfont with \newfontfamily co
mmand.

See the polyglossia package documentation for explanation.
Type  H <return>  for immediate help.
 ...                                              
                                                  
l.986 ... Сравнение источников~~($\approx$\,40 с)}
                                                  
(That was another \errmessage.)


! Package polyglossia Error: The current latin font TimesNewRoman(0) does not c
ontain the "Cyrillic" script!
(polyglossia)                Please define \cyrillicfont with \newfontfamily co
mmand.

See the polyglossia package documentation for explanation.
Type  H <return>  for immediate help.
 ...                                              
                                                  
l.995 
      
(That was another \errmessage.)

[12]
Underfull \hbox (badness 1189) in paragraph at lines 1031--1031
\TU/TimesNewRoman(0)/m/it/10.95 энтропию $\OMS/cmsy/m/n/10.95 ^^Y \OT1/cmr/m/n/
10.95 0[]9999$\TU/TimesNewRoman(0)/m/it/10.95 , но проваливают все 15 групп NIS
T STS. Это иллюстрирует, что побитовая
 []


Underfull \hbox (badness 2158) in paragraph at lines 1031--1031
\TU/TimesNewRoman(0)/m/it/10.95 поэтому величина $\OML/cmm/m/it/10.95 ^^[[]$ \T
U/TimesNewRoman(0)/m/it/10.95 (стандартное отклонение в кодах 10-битного АЦП) к
 ним принципиально
 []


! Package polyglossia Error: The current latin font TimesNewRoman(0) does not c
ontain the "Cyrillic" script!
(polyglossia)                Please define \cyrillicfont with \newfontfamily co
mmand.

See the polyglossia package documentation for explanation.
Type  H <return>  for immediate help.
 ...                                              
                                                  
l.1031 универсальны.}
                     
(That was another \errmessage.)


! Package polyglossia Error: The current latin font TimesNewRoman(0) does not c
ontain the "Cyrillic" script!
(polyglossia)                Please define \cyrillicfont with \newfontfamily co
mmand.

See the polyglossia package documentation for explanation.
Type  H <return>  for immediate help.
 ...                                              
                                                  
l.1034 ...on*{Слайд 16. Выводы~~($\approx$\,35 с)}
                                                  
(That was another \errmessage.)


Underfull \hbox (badness 1939) in paragraph at lines 1036--1041
\TU/TimesNewRoman(0)/m/n/12 физических источников энтропии, собран стенд и нату
рно проверены шесть независимых
 []


! Package polyglossia Error: The current latin font TimesNewRoman(0) does not c
ontain the "Cyrillic" script!
(polyglossia)                Please define \cyrillicfont with \newfontfamily co
mmand.

See the polyglossia package documentation for explanation.
Type  H <return>  for immediate help.
 ...                                              
                                                  
l.1050 ...лайд 17. Перспективы~~($\approx$\,20 с)}
                                                  
(That was another \errmessage.)


Underfull \hbox (badness 3735) in paragraph at lines 1052--1059
\TU/TimesNewRoman(0)/m/n/12 NIST SP 800-90B (Repetition Count и Adaptive Propor
tion) непосредственно в прошивке,
 []


Underfull \hbox (badness 1127) in paragraph at lines 1052--1059
\TU/TimesNewRoman(0)/m/n/12 чтобы устройство само детектировало деградацию исто
чника энтропии в процессе работы.
 []


Underfull \hbox (badness 1215) in paragraph at lines 1052--1059
\TU/TimesNewRoman(0)/m/n/12 XOR-смешение нескольких независимых каналов как доп
олнительный уровень: пропускная
 []


! Package polyglossia Error: The current latin font TimesNewRoman(0) does not c
ontain the "Cyrillic" script!
(polyglossia)                Please define \cyrillicfont with \newfontfamily co
mmand.

See the polyglossia package documentation for explanation.
Type  H <return>  for immediate help.
 ...                                              
                                                  
l.1068 ...ированные данные попадут к потребителю.}
                                                  
(That was another \errmessage.)

[13]

! Package polyglossia Error: The current latin font TimesNewRoman(0) does not c
ontain the "Cyrillic" script!
(polyglossia)                Please define \cyrillicfont with \newfontfamily co
mmand.

See the polyglossia package documentation for explanation.
Type  H <return>  for immediate help.
 ...                                              
                                                  
l.1078 \section*{Возможные вопросы и ответы}
                                            
(That was another \errmessage.)


! Package polyglossia Error: The current latin font TimesNewRoman(0) does not c
ontain the "Cyrillic" script!
(polyglossia)                Please define \cyrillicfont with \newfontfamily co
mmand.

See the polyglossia package documentation for explanation.
Type  H <return>  for immediate help.
 ...                                              
                                                  
l.1080 ...а NIST STS не проходит на сыром потоке?}
                                                  
(That was another \errmessage.)


Underfull \hbox (badness 1005) in paragraph at lines 1081--1089
[]\TU/TimesNewRoman(0)/m/n/12 Min-entropy — это \TU/TimesNewRoman(0)/m/it/12 од
номерная \TU/TimesNewRoman(0)/m/n/12 статистика: $\OML/cmm/m/it/12 H[] \OT1/cmr
/m/n/12 = \OMS/cmsy/m/n/12 ^^@ [][] [][] \U/msb/m/n/12 P\OT1/cmr/m/n/12 (\OML/c
mm/m/it/12 X[]x\OT1/cmr/m/n/12 )$ \TU/TimesNewRoman(0)/m/n/12 смотрит только на

 []


! Package polyglossia Error: The current latin font TimesNewRoman(0) does not c
ontain the "Cyrillic" script!
(polyglossia)                Please define \cyrillicfont with \newfontfamily co
mmand.

See the polyglossia package documentation for explanation.
Type  H <return>  for immediate help.
 ...                                              
                                                  
l.1090 ...чему фон Нейман не устранил корреляцию?}
                                                  
(That was another \errmessage.)


! Package polyglossia Error: The current latin font TimesNewRoman(0) does not c
ontain the "Cyrillic" script!
(polyglossia)                Please define \cyrillicfont with \newfontfamily co
mmand.

See the polyglossia package documentation for explanation.
Type  H <return>  for immediate help.
 ...                                              
                                                  
l.1103 ...n*{Q3. Почему XOR уменьшает корреляцию?}
                                                  
(That was another \errmessage.)


Underfull \hbox (badness 2556) in paragraph at lines 1115--1117
\TU/TimesNewRoman(0)/m/n/12 Поэтому каскад \TU/TimesNewRoman(0)/m/it/12 фон Ней
ман \TU/TimesNewRoman(0)/m/n/12 (убирает смещение) $\OT1/cmr/m/n/12 +$ \TU/Time
sNewRoman(0)/m/it/12 XOR-децимация \TU/TimesNewRoman(0)/m/n/12 (убирает остаточ
ные
 []


! Package polyglossia Error: The current latin font TimesNewRoman(0) does not c
ontain the "Cyrillic" script!
(polyglossia)                Please define \cyrillicfont with \newfontfamily co
mmand.

See the polyglossia package documentation for explanation.
Type  H <return>  for immediate help.
 ...                                              
                                                  
l.1118 ...сть, хотя огибающая визуально гауссова?}
                                                  
(That was another \errmessage.)


Underfull \hbox (badness 1102) in paragraph at lines 1119--1126
\OML/cmm/m/it/12 n$ \TU/TimesNewRoman(0)/m/n/12 статистический тест замечает да
же пренебрежимо малые отклонения, которые визуально
 []


! Package polyglossia Error: The current latin font TimesNewRoman(0) does not c
ontain the "Cyrillic" script!
(polyglossia)                Please define \cyrillicfont with \newfontfamily co
mmand.

See the polyglossia package documentation for explanation.
Type  H <return>  for immediate help.
 ...                                              
                                                  
l.1126 
       
(That was another \errmessage.)

[14]

! Package polyglossia Error: The current latin font TimesNewRoman(0) does not c
ontain the "Cyrillic" script!
(polyglossia)                Please define \cyrillicfont with \newfontfamily co
mmand.

See the polyglossia package documentation for explanation.
Type  H <return>  for immediate help.
 ...                                              
                                                  
l.1127 ...ion*{Q5. Почему именно $\alpha=0{,}01$?}
                                                  
(That was another \errmessage.)


Underfull \hbox (badness 5036) in paragraph at lines 1128--1133
[]\TU/TimesNewRoman(0)/m/n/12 NIST SP 800-22 рекомендует $\OML/cmm/m/it/12 ^^K 
\OT1/cmr/m/n/12 = 0[]01$ \TU/TimesNewRoman(0)/m/n/12 как компромисс между мощно
стью теста и
 []


! Package polyglossia Error: The current latin font TimesNewRoman(0) does not c
ontain the "Cyrillic" script!
(polyglossia)                Please define \cyrillicfont with \newfontfamily co
mmand.

See the polyglossia package documentation for explanation.
Type  H <return>  for immediate help.
 ...                                              
                                                  
l.1134 ...entropy, а не Шеннон, для криптографии?}
                                                  
(That was another \errmessage.)


Underfull \hbox (badness 1242) in paragraph at lines 1135--1142
[]\TU/TimesNewRoman(0)/m/n/12 Шеннон $\OML/cmm/m/it/12 H \OT1/cmr/m/n/12 = \OMS
/cmsy/m/n/12 ^^@ [] \OML/cmm/m/it/12 p[] [][] p[]$ \TU/TimesNewRoman(0)/m/n/12 
— это \TU/TimesNewRoman(0)/m/it/12 средняя \TU/TimesNewRoman(0)/m/n/12 информац
ия на символ. Min-entropy $\OML/cmm/m/it/12 H[] \OT1/cmr/m/n/12 =
 []


! Package polyglossia Error: The current latin font TimesNewRoman(0) does not c
ontain the "Cyrillic" script!
(polyglossia)                Please define \cyrillicfont with \newfontfamily co
mmand.

See the polyglossia package documentation for explanation.
Type  H <return>  for immediate help.
 ...                                              
                                                  
l.1143 ...ость отличается от некоррелированности?}
                                                  
(That was another \errmessage.)


Underfull \hbox (badness 1077) in paragraph at lines 1144--1151
\U/msb/m/n/12 E\OT1/cmr/m/n/12 [\OML/cmm/m/it/12 f\OT1/cmr/m/n/12 (\OML/cmm/m/i
t/12 X\OT1/cmr/m/n/12 )] \U/msb/m/n/12 E\OT1/cmr/m/n/12 [\OML/cmm/m/it/12 g\OT1
/cmr/m/n/12 (\OML/cmm/m/it/12 Y\OT1/cmr/m/n/12 )]$\TU/TimesNewRoman(0)/m/n/12 .
 Классический пример: $\OML/cmm/m/it/12 X \OMS/cmsy/m/n/12 ^^X \OML/cmm/m/it/12
 U\OT1/cmr/m/n/12 [\OMS/cmsy/m/n/12 ^^@\OT1/cmr/m/n/12 1\OML/cmm/m/it/12 ; \OT1
/cmr/m/n/12 1]$\TU/TimesNewRoman(0)/m/n/12 , $\OML/cmm/m/it/12 Y \OT1/cmr/m/n/1
2 = \OML/cmm/m/it/12 X[]$ \TU/TimesNewRoman(0)/m/n/12 — корреляция нулевая,
 []


! Package polyglossia Error: The current latin font TimesNewRoman(0) does not c
ontain the "Cyrillic" script!
(polyglossia)                Please define \cyrillicfont with \newfontfamily co
mmand.

See the polyglossia package documentation for explanation.
Type  H <return>  for immediate help.
 ...                                              
                                                  
l.1152 ...ность и предполагается ли она в работе?}
                                                  
(That was another \errmessage.)


! Package polyglossia Error: The current latin font TimesNewRoman(0) does not c
ontain the "Cyrillic" script!
(polyglossia)                Please define \cyrillicfont with \newfontfamily co
mmand.

See the polyglossia package documentation for explanation.
Type  H <return>  for immediate help.
 ...                                              
                                                  
l.1161 ...5$ групп», а не «$188/188$ под-тестов»?}
                                                  
(That was another \errmessage.)


! Package polyglossia Error: The current latin font TimesNewRoman(0) does not c
ontain the "Cyrillic" script!
(polyglossia)                Please define \cyrillicfont with \newfontfamily co
mmand.

See the polyglossia package documentation for explanation.
Type  H <return>  for immediate help.
 ...                                              
                                                  
l.1164   \item \textbf
                      {Множественные сравнения}: при $188$ независимых теста...
(That was another \errmessage.)

[15]

! Package polyglossia Error: The current latin font TimesNewRoman(0) does not c
ontain the "Cyrillic" script!
(polyglossia)                Please define \cyrillicfont with \newfontfamily co
mmand.

See the polyglossia package documentation for explanation.
Type  H <return>  for immediate help.
 ...                                              
                                                  
l.1173 ...менять постобработки в каскаде местами?}
                                                  
(That was another \errmessage.)


Underfull \hbox (badness 10000) in paragraph at lines 1216--1221
[]\TU/TimesNewRoman(0)/b/n/12 Прозрачность дизайна\TU/TimesNewRoman(0)/m/n/12 :
 каждая ступень отвечает за свой класс дефектов, обе
 []


Underfull \hbox (badness 2689) in paragraph at lines 1216--1221
\TU/TimesNewRoman(0)/m/n/12 математически обоснованы независимо. vN — классичес
кий отбеливатель смещения
 []


Underfull \hbox (badness 2521) in paragraph at lines 1216--1221
\TU/TimesNewRoman(0)/m/n/12 с доказанной несмещённостью при независимости; XOR-
децимация — классическая
 []


Underfull \hbox (badness 7451) in paragraph at lines 1221--1227
[]\TU/TimesNewRoman(0)/b/n/12 Дополнительный эффект «прореживания структуры»\TU
/TimesNewRoman(0)/m/n/12 : фон Нейман отбрасывает
 []


! Package polyglossia Error: The current latin font TimesNewRoman(0) does not c
ontain the "Cyrillic" script!
(polyglossia)                Please define \cyrillicfont with \newfontfamily co
mmand.

See the polyglossia package documentation for explanation.
Type  H <return>  for immediate help.
 ...                                              
                                                  
l.1227   \item \textbf
                      {Устойчивость к усилению корреляции}: если бы корреляция
(That was another \errmessage.)

[16]
Underfull \hbox (badness 5245) in paragraph at lines 1238--1242
[]\TU/TimesNewRoman(0)/m/n/12 Итог: порядок vN $\OMS/cmsy/m/n/12 !$ \TU/TimesNe
wRoman(0)/m/n/12 XOR — это не случайный выбор, а специализация ступеней с
 []


! Package polyglossia Error: The current latin font TimesNewRoman(0) does not c
ontain the "Cyrillic" script!
(polyglossia)                Please define \cyrillicfont with \newfontfamily co
mmand.

See the polyglossia package documentation for explanation.
Type  H <return>  for immediate help.
 ...                                              
                                                  
l.1243 ... отсчёты, если у Arduino АЦП на 10 бит?}
                                                  
(That was another \errmessage.)


! Package polyglossia Error: The current latin font TimesNewRoman(0) does not c
ontain the "Cyrillic" script!
(polyglossia)                Please define \cyrillicfont with \newfontfamily co
mmand.

See the polyglossia package documentation for explanation.
Type  H <return>  for immediate help.
 ...                                              
                                                  
l.1257 ...t{numpy.fromfile(\ldots,\,dtype=uint16)}
                                                   ---
(That was another \errmessage.)


Underfull \hbox (badness 10000) in paragraph at lines 1256--1260
[]\TU/TimesNewRoman(0)/b/n/12 Фиксированная ширина $\OT1/cmr/m/n/12 =$ \TU/Time
sNewRoman(0)/b/n/12 простой парсинг. \TU/TimesNewRoman(0)/m/n/12 На ПК поток чи
тается как
 []


Underfull \hbox (badness 1189) in paragraph at lines 1256--1260
\TU/lmtt/m/n/12 numpy.fromfile(…,dtype=uint16) \TU/TimesNewRoman(0)/m/n/12 — од
на строка кода. Без выравнивания пришлось
 []


! Package polyglossia Error: The current latin font TimesNewRoman(0) does not c
ontain the "Cyrillic" script!
(polyglossia)                Please define \cyrillicfont with \newfontfamily co
mmand.

See the polyglossia package documentation for explanation.
Type  H <return>  for immediate help.
 ...                                              
                                                  
l.1262         \texttt{ADCL}
                            /\texttt{ADCH}. Передача через двухбайтовый
(That was another \errmessage.)


! Package polyglossia Error: The current latin font TimesNewRoman(0) does not c
ontain the "Cyrillic" script!
(polyglossia)                Please define \cyrillicfont with \newfontfamily co
mmand.

See the polyglossia package documentation for explanation.
Type  H <return>  for immediate help.
 ...                                              
                                                  
l.1262         \texttt{ADCL}/\texttt{ADCH}
                                          . Передача через двухбайтовый
(That was another \errmessage.)


! Package polyglossia Error: The current latin font TimesNewRoman(0) does not c
ontain the "Cyrillic" script!
(polyglossia)                Please define \cyrillicfont with \newfontfamily co
mmand.

See the polyglossia package documentation for explanation.
Type  H <return>  for immediate help.
 ...                                              
                                                  
l.1263         \texttt{uint16\_t}
                                  \emph{естественна} для прошивки: чтение АЦП
(That was another \errmessage.)


Underfull \hbox (badness 1881) in paragraph at lines 1265--1272
\TU/TimesNewRoman(0)/m/n/12 MEMS, плавающий АЦП, clock jitter) отдают данные од
ного формата — 16-битный
 []


! Package polyglossia Error: The current latin font TimesNewRoman(0) does not c
ontain the "Cyrillic" script!
(polyglossia)                Please define \cyrillicfont with \newfontfamily co
mmand.

See the polyglossia package documentation for explanation.
Type  H <return>  for immediate help.
 ...                                              
                                                  
l.1287 ...*{Источники: что взято из каждой работы}
                                                  
(That was another \errmessage.)


! Package polyglossia Error: The current latin font TimesNewRoman(0) does not c
ontain the "Cyrillic" script!
(polyglossia)                Please define \cyrillicfont with \newfontfamily co
mmand.

See the polyglossia package documentation for explanation.
Type  H <return>  for immediate help.
 ...                                              
                                                  
l.1287 ...*{Источники: что взято из каждой работы}
                                                  
(That was another \errmessage.)

[17]

! Package polyglossia Error: The current latin font TimesNewRoman(0) does not c
ontain the "Cyrillic" script!
(polyglossia)                Please define \cyrillicfont with \newfontfamily co
mmand.

See the polyglossia package documentation for explanation.
Type  H <return>  for immediate help.
 ...                                              
                                                  
l.1297     \texttt{SecureRandom}
                                 сделал предсказуемыми $\sim\!86\,\%$ Bitcoi...
(That was another \errmessage.)


Underfull \hbox (badness 10000) in paragraph at lines 1295--1300
[]\TU/TimesNewRoman(0)/b/n/12 Android Security Vulnerability (Bitcoin Alert, 20
13). \TU/TimesNewRoman(0)/m/n/12 Исторический пример
 []


Overfull \hbox (6.02065pt too wide) in paragraph at lines 1308--1312
[]\TU/TimesNewRoman(0)/b/n/12 Будько М.Б. и др. «Методы генерации и тестировани
я случайных последовательностей»
 []


Underfull \hbox (badness 1292) in paragraph at lines 1314--1318
[]\TU/TimesNewRoman(0)/b/n/12 Слеповичев И.И. «Генераторы псевдослучайных чисел
» (СГУ, 2017). \TU/TimesNewRoman(0)/m/n/12 Систематика
 []


Underfull \hbox (badness 1552) in paragraph at lines 1314--1318
\TU/TimesNewRoman(0)/m/n/12 в гл.1 при разделении понятий ГПСП/ГИСП и обсуждени
и класса задач, в которых
 []


Underfull \hbox (badness 3128) in paragraph at lines 1320--1325
\TU/TimesNewRoman(0)/m/n/12 документ: методология NIST STS, формулы статистик в
сех 15 тестовых групп ($\OML/cmm/m/it/12 T$\TU/TimesNewRoman(0)/m/n/12 -
 []


Underfull \hbox (badness 3907) in paragraph at lines 1327--1331
[]\TU/TimesNewRoman(0)/b/n/12 Di Mauro J., Salazar E., Scolnik H.D. «Novel CSPR
NG» (J. Crypt. Eng., 2022).
 []


Underfull \hbox (badness 10000) in paragraph at lines 1327--1331
\TU/TimesNewRoman(0)/m/n/12 Современный криптографически стойкий ГПСЧ — альтерн
атива нашему подходу
 []


Underfull \hbox (badness 10000) in paragraph at lines 1332--1336
[]\TU/TimesNewRoman(0)/b/n/12 Архангельская А.В. «Квантовые ГСЧ…» (СПб, 2008). 
\TU/TimesNewRoman(0)/m/n/12 Диссертация по
 []


! Package polyglossia Error: The current latin font TimesNewRoman(0) does not c
ontain the "Cyrillic" script!
(polyglossia)                Please define \cyrillicfont with \newfontfamily co
mmand.

See the polyglossia package documentation for explanation.
Type  H <return>  for immediate help.
 ...                                              
                                                  
l.1341     настройке пакета \texttt{sts-2.1.2}
                                               и при разборе провалов отдельных
(That was another \errmessage.)


Underfull \hbox (badness 1789) in paragraph at lines 1338--1343
[]\TU/TimesNewRoman(0)/b/n/12 Гриненко Т.А. и др. «Статистическое тестирование…
NIST STS» (ХНУРЭ, 2019).
 []


Underfull \hbox (badness 5446) in paragraph at lines 1338--1343
\TU/TimesNewRoman(0)/m/n/12 Практическое русскоязычное руководство по запуску N
IST STS, интерпретации $\OML/cmm/m/it/12 p$\TU/TimesNewRoman(0)/m/n/12 -
 []


! Package polyglossia Error: The current latin font TimesNewRoman(0) does not c
ontain the "Cyrillic" script!
(polyglossia)                Please define \cyrillicfont with \newfontfamily co
mmand.

See the polyglossia package documentation for explanation.
Type  H <return>  for immediate help.
 ...                                              
                                                  
l.1355   \item \textbf
                      {Якимов А.\,В. <<Физика шумов и флуктуаций параметров>>
(That was another \errmessage.)

[18]
Underfull \hbox (badness 4036) in paragraph at lines 1356--1360
\TU/TimesNewRoman(0)/m/n/12 физический источник: тепловой шум Джонсона–Найквист
а, дробовой шум Шоттки,
 []


Underfull \hbox (badness 10000) in paragraph at lines 1368--1373
[]\TU/TimesNewRoman(0)/b/n/12 Алейник А.С. и др. «Основы схемотехники приёмопер
едающих электронных
 []


Underfull \hbox (badness 10000) in paragraph at lines 1368--1373
\TU/TimesNewRoman(0)/b/n/12 устройств» (ИТМО, 2021). \TU/TimesNewRoman(0)/m/n/1
2 Учебник по проектированию усилительных трактов:
 []


Underfull \hbox (badness 10000) in paragraph at lines 1368--1373
\TU/TimesNewRoman(0)/m/n/12 операционные усилители, обратная связь, частотные х
арактеристики, согласование
 []


Underfull \hbox (badness 10000) in paragraph at lines 1368--1373
\TU/TimesNewRoman(0)/m/n/12 импедансов. Используется в гл.3 при расчёте двухкас
кадного тракта на LM358
 []


! Package polyglossia Error: The current latin font TimesNewRoman(0) does not c
ontain the "Cyrillic" script!
(polyglossia)                Please define \cyrillicfont with \newfontfamily co
mmand.

See the polyglossia package documentation for explanation.
Type  H <return>  for immediate help.
 ...                                              
                                                  
l.1379 ...итания (отсюда стабилизация \texttt{Vcc}
                                                   в нашей
(That was another \errmessage.)

The property list \polyglossia@langsetup contains the pairs (without outer
braces):
>  {latex/script}  =>  {latin}
>  {latex/lcscript}  =>  {latin}
>  {latex/scripttag}  =>  {}
>  {latex/language}  =>  {Latex}
>  {latex/langtag}  =>  {ENG}
>  {latex/bcp47}  =>  {}
>  {latex/hyphennames}  =>  {english}
>  {latex/direction}  =>  {LR}
>  {latex/hyphenmins}  =>  {2,3}
>  {latex/frenchspacing}  =>  {false}
>  {latex/indentfirst}  =>  {false}
>  {latex/fontsetup}  =>  {true}
>  {latex/envname}  =>  {latex}
>  {latex/babelname}  =>  {latex}
>  {latex/localnumeral}  =>  {polyglossia@C@localnumeral}
>  {latex/Localnumeral}  =>  {polyglossia@C@localnumeral}
>  {russian/script}  =>  {Cyrillic}
>  {russian/lcscript}  =>  {cyrillic}
>  {russian/scripttag}  =>  {cyrl}
>  {russian/language}  =>  {Russian}
>  {russian/langtag}  =>  {RUS}
>  {russian/bcp47}  =>  {ru}
>  {russian/hyphennames}  =>  {russian}
>  {russian/direction}  =>  {LR}
>  {russian/hyphenmins}  =>  {2,2}
>  {russian/frenchspacing}  =>  {true}
>  {russian/indentfirst}  =>  {true}
>  {russian/fontsetup}  =>  {true}
>  {russian/envname}  =>  {russian}
>  {russian/babelname}  =>  {russian}
>  {russian/localnumeral}  =>  {russiannumerals}
>  {russian/Localnumeral}  =>  {Russiannumerals}
>  {english/script}  =>  {latin}
>  {english/lcscript}  =>  {latin}
>  {english/scripttag}  =>  {}
>  {english/language}  =>  {English}
>  {english/langtag}  =>  {ENG}
>  {english/bcp47}  =>  {en-US}
>  {english/hyphennames}  =>  {english,american,usenglish,USenglish}
>  {english/direction}  =>  {LR}
>  {english/hyphenmins}  =>  {2,3}
>  {english/frenchspacing}  =>  {false}
>  {english/indentfirst}  =>  {false}
>  {english/fontsetup}  =>  {true}
>  {english/envname}  =>  {english}
>  {english/babelname}  =>  {american}
>  {english/localnumeral}  =>  {polyglossia@C@localnumeral}
>  {english/Localnumeral}  =>  {polyglossia@C@localnumeral}.

! Package polyglossia Error: The current latin font TimesNewRoman(0) does not c
ontain the "Cyrillic" script!
(polyglossia)                Please define \cyrillicfont with \newfontfamily co
mmand.

See the polyglossia package documentation for explanation.
Type  H <return>  for immediate help.
 ...                                              
                                                  
l.1396 \end{document}
                     
(That was another \errmessage.)

[19] (./speech.aux
LaTeX Info: Redefining \rmfamily on input line 3.
LaTeX Info: Redefining \sffamily on input line 3.
LaTeX Info: Redefining \ttfamily on input line 3.


! Package polyglossia Error: The current latin font TimesNewRoman(0) does not c
ontain the "Cyrillic" script!
(polyglossia)                Please define \cyrillicfont with \newfontfamily co
mmand.

See the polyglossia package documentation for explanation.
Type  H <return>  for immediate help.
 ...                                              
                                                  
l.3 \selectlanguage *{russian}
                              
(That was another \errmessage.)

) ) 
Here is how much of TeX's memory you used:
 7348 strings out of 478190
 169547 string characters out of 5854827
 548176 words of memory out of 5000000
 27849 multiletter control sequences out of 15000+600000
 478323 words of font info for 97 fonts, out of 8000000 for 9000
 14 hyphenation exceptions out of 8191
 73i,12n,77p,289b,285s stack positions out of 5000i,500n,10000p,200000b,80000s

Output written on speech.pdf (19 pages).
